<?xml version="1.0" encoding="UTF-8"?>
<testng-results ignored="0" total="1" passed="1" failed="0" skipped="0">
  <reporter-output>
  </reporter-output>
  <suite started-at="2023-06-10T23:25:42 BDT" name="Default suite" finished-at="2023-06-10T23:26:31 BDT" duration-ms="48350">
    <groups>
    </groups>
    <test started-at="2023-06-10T23:25:42 BDT" name="Default test" finished-at="2023-06-10T23:26:31 BDT" duration-ms="48350">
      <class name="com.it.bd.FirstAutomationDriver">
        <test-method is-config="true" signature="start()[pri:0, instance:com.it.bd.FirstAutomationDriver@53fb3dab]" started-at="2023-06-10T23:25:40 BDT" name="start" finished-at="2023-06-10T23:25:42 BDT" duration-ms="2486" status="PASS">
          <reporter-output>
          </reporter-output>
        </test-method> <!-- start -->
        <test-method signature="firstTest()[pri:0, instance:com.it.bd.FirstAutomationDriver@53fb3dab]" started-at="2023-06-10T23:25:42 BDT" name="firstTest" finished-at="2023-06-10T23:26:31 BDT" duration-ms="48328" status="PASS">
          <reporter-output>
          </reporter-output>
        </test-method> <!-- firstTest -->
        <test-method is-config="true" signature="close()[pri:0, instance:com.it.bd.FirstAutomationDriver@53fb3dab]" started-at="2023-06-10T23:26:31 BDT" name="close" finished-at="2023-06-10T23:26:32 BDT" duration-ms="1594" status="PASS">
          <reporter-output>
          </reporter-output>
        </test-method> <!-- close -->
      </class> <!-- com.it.bd.FirstAutomationDriver -->
    </test> <!-- Default test -->
  </suite> <!-- Default suite -->
</testng-results>
